
ROM used:   3086/65536 (5%)
            3086/65536 (5%) including unused fragments

            1.0 Average locations per line
            6.2 Average locations per statement

RAM used:   72/3968 (2%) at main() level
            109/3968 (3%) worst case

Stack used: 3 worst case (2 in main + 1 for interrupts)
Stack size: 31

Lines Stmts  %   Files
----- ----- ---  -----
  277   141  28  main.c
  834     0   0  ..\..\..\..\..\Program Files (x86)\PICC\Devices\18f4620.h
   37     0   0  ..\..\..\..\..\Program Files (x86)\PICC\Drivers\stdio.h
  423     0   0  ..\..\..\..\..\Program Files (x86)\PICC\Drivers\string.h
   32     0   0  ..\..\..\..\..\Program Files (x86)\PICC\Drivers\stddef.h
   28     0   0  ..\..\..\..\..\Program Files (x86)\PICC\Drivers\ctype.h
 1351   359  72  ..\..\..\..\..\Program Files (x86)\PICC\Drivers\stdlib.h
----- -----
 2982   500 Total

Page ROM  %  RAM   Vol Diff  Functions:
---- --- --- ---   --- ----  ----------
0    242   4   11             @MULFF
0     54   1    2             @ITOF
0    618  10   16             @ADDFF
0    348   6   14             @DIVFF
0    562   9   19  1542 12.4  strtof
0      8   0    0             @PUTCHARI_BIU_1
0    108   2    2   442  4.7  itrRDA
0     16   0    0    29  1.2  timer_0
0    794  13    3  4082 10.0  MAIN
0     56   1    0             @const953
0     34   1    2             @PSTRINGC_9600_31766_31767
0      4   0    0             @const955
0     56   1    4             @SFTOI
0     28   0    0             @const961
 Inline         0             @cinit1

Program metrics:
    Functions               4
    Statements              500
    Comments                696
    Volume (V)              7245
    Difficulty (D)          27.9
    Effort to implement (E) 202442
    Time to implement (T)   3 hours, 7 minutes
    Est Delivered Bugs (B)  1
    Cyclomatic Complexity   46
    Maintainability (MI)    101

 Segment     Used  Free
-----------  ----  ----
00000-00002     4  0  
00004-00006     0  4  
00008-000A0   154  0  
000A2-0FFFE  2928  62446  



